<?xml version="1.0" encoding="UTF-8"?>
<coverage generated="1635071097935" clover="3.2.0">
  <project timestamp="1635071097935" name="All files">
    <metrics statements="32" coveredstatements="28" conditionals="12" coveredconditionals="8" methods="8" coveredmethods="5" elements="52" coveredelements="41" complexity="0" loc="32" ncloc="32" packages="2" files="3" classes="3"/>
    <package name="components">
      <metrics statements="28" coveredstatements="24" conditionals="10" coveredconditionals="6" methods="7" coveredmethods="4"/>
      <file name="MessageList.vue" path="/Users/anatoly.deryuzhov/git/lenta-test/lenta-test/src/components/MessageList.vue">
        <metrics statements="20" coveredstatements="18" conditionals="8" coveredconditionals="6" methods="5" coveredmethods="4"/>
        <line num="22" count="1" type="stmt"/>
        <line num="25" count="1" type="stmt"/>
        <line num="27" count="1" type="stmt"/>
        <line num="39" count="1" type="stmt"/>
        <line num="44" count="1" type="stmt"/>
        <line num="47" count="4" type="stmt"/>
        <line num="48" count="10" type="cond" truecount="2" falsecount="0"/>
        <line num="49" count="3" type="stmt"/>
        <line num="52" count="7" type="stmt"/>
        <line num="53" count="7" type="cond" truecount="2" falsecount="0"/>
        <line num="54" count="5" type="stmt"/>
        <line num="55" count="5" type="stmt"/>
        <line num="60" count="2" type="stmt"/>
        <line num="65" count="7" type="stmt"/>
        <line num="70" count="4" type="stmt"/>
        <line num="74" count="1" type="stmt"/>
        <line num="75" count="4" type="stmt"/>
        <line num="76" count="4" type="stmt"/>
        <line num="80" count="0" type="cond" truecount="0" falsecount="2"/>
        <line num="81" count="0" type="stmt"/>
      </file>
      <file name="MessageView.vue" path="/Users/anatoly.deryuzhov/git/lenta-test/lenta-test/src/components/MessageView.vue">
        <metrics statements="8" coveredstatements="6" conditionals="2" coveredconditionals="0" methods="2" coveredmethods="0"/>
        <line num="22" count="1" type="stmt"/>
        <line num="24" count="1" type="stmt"/>
        <line num="27" count="2" type="stmt"/>
        <line num="32" count="1" type="stmt"/>
        <line num="38" count="1" type="stmt"/>
        <line num="44" count="1" type="stmt"/>
        <line num="47" count="0" type="cond" truecount="0" falsecount="2"/>
        <line num="54" count="0" type="stmt"/>
      </file>
    </package>
    <package name="types">
      <metrics statements="4" coveredstatements="4" conditionals="2" coveredconditionals="2" methods="1" coveredmethods="1"/>
      <file name="MessageView.ts" path="/Users/anatoly.deryuzhov/git/lenta-test/lenta-test/src/types/MessageView.ts">
        <metrics statements="4" coveredstatements="4" conditionals="2" coveredconditionals="2" methods="1" coveredmethods="1"/>
        <line num="1" count="1" type="cond" truecount="2" falsecount="0"/>
        <line num="2" count="1" type="stmt"/>
        <line num="3" count="1" type="stmt"/>
        <line num="6" count="1" type="stmt"/>
      </file>
    </package>
  </project>
</coverage>
