{"/Users/anatoly.deryuzhov/git/lenta-test/lenta-test/src/components/MessageList.vue": {"path":"/Users/anatoly.deryuzhov/git/lenta-test/lenta-test/src/components/MessageList.vue","statementMap":{"0":{"start":{"line":22,"column":0},"end":{"line":22,"column":null}},"1":{"start":{"line":25,"column":0},"end":{"line":25,"column":null}},"2":{"start":{"line":27,"column":0},"end":{"line":27,"column":null}},"3":{"start":{"line":39,"column":0},"end":{"line":39,"column":null}},"4":{"start":{"line":47,"column":0},"end":{"line":66,"column":null}},"5":{"start":{"line":48,"column":0},"end":{"line":50,"column":null}},"6":{"start":{"line":49,"column":0},"end":{"line":49,"column":null}},"7":{"start":{"line":52,"column":0},"end":{"line":52,"column":null}},"8":{"start":{"line":53,"column":0},"end":{"line":64,"column":null}},"9":{"start":{"line":54,"column":0},"end":{"line":54,"column":null}},"10":{"start":{"line":55,"column":0},"end":{"line":55,"column":null}},"11":{"start":{"line":60,"column":0},"end":{"line":60,"column":null}},"12":{"start":{"line":65,"column":0},"end":{"line":65,"column":null}},"13":{"start":{"line":70,"column":0},"end":{"line":70,"column":null}},"14":{"start":{"line":75,"column":0},"end":{"line":75,"column":null}},"15":{"start":{"line":76,"column":0},"end":{"line":76,"column":null}},"16":{"start":{"line":80,"column":0},"end":{"line":82,"column":null}},"17":{"start":{"line":81,"column":0},"end":{"line":81,"column":null}},"18":{"start":{"line":44,"column":0},"end":{"line":40,"column":null}},"19":{"start":{"line":74,"column":0},"end":{"line":73,"column":null}},"20":{"start":{"line":39,"column":0},"end":{"line":34,"column":null}}},"fnMap":{"0":{"name":"(anonymous_1)","decl":{"start":{"line":46,"column":0},"end":{"line":46,"column":null}},"loc":{"start":{"line":46,"column":0},"end":{"line":67,"column":null}}},"1":{"name":"(anonymous_2)","decl":{"start":{"line":47,"column":0},"end":{"line":47,"column":null}},"loc":{"start":{"line":47,"column":0},"end":{"line":66,"column":null}}},"2":{"name":"(anonymous_3)","decl":{"start":{"line":69,"column":0},"end":{"line":69,"column":null}},"loc":{"start":{"line":69,"column":0},"end":{"line":71,"column":null}}},"3":{"name":"(anonymous_4)","decl":{"start":{"line":74,"column":0},"end":{"line":74,"column":null}},"loc":{"start":{"line":74,"column":0},"end":{"line":77,"column":null}}},"4":{"name":"(anonymous_5)","decl":{"start":{"line":79,"column":0},"end":{"line":79,"column":null}},"loc":{"start":{"line":79,"column":0},"end":{"line":83,"column":null}}}},"branchMap":{"0":{"loc":{"start":{"line":48,"column":0},"end":{"line":50,"column":null}},"type":"if","locations":[{"start":{"line":48,"column":0},"end":{"line":50,"column":null}},{"start":{"line":48,"column":0},"end":{"line":50,"column":null}}]},"1":{"loc":{"start":{"line":53,"column":0},"end":{"line":64,"column":null}},"type":"if","locations":[{"start":{"line":53,"column":0},"end":{"line":64,"column":null}},{"start":{"line":53,"column":0},"end":{"line":64,"column":null}}]},"2":{"loc":{"start":{"line":61,"column":0},"end":{"line":61,"column":null}},"type":"cond-expr","locations":[{"start":{"line":61,"column":0},"end":{"line":61,"column":null}},{"start":{"line":61,"column":0},"end":{"line":61,"column":null}}]},"3":{"loc":{"start":{"line":80,"column":0},"end":{"line":82,"column":null}},"type":"if","locations":[{"start":{"line":80,"column":0},"end":{"line":82,"column":null}},{"start":{"line":80,"column":0},"end":{"line":82,"column":null}}]}},"s":{"0":1,"1":1,"2":1,"3":1,"4":4,"5":10,"6":3,"7":7,"8":7,"9":5,"10":5,"11":2,"12":7,"13":4,"14":4,"15":4,"16":0,"17":0,"18":1,"19":1,"20":1},"f":{"0":4,"1":10,"2":4,"3":4,"4":0},"b":{"0":[3,7],"1":[5,2],"2":[1,1],"3":[0,0]}}
,"/Users/anatoly.deryuzhov/git/lenta-test/lenta-test/src/components/MessageView.vue": {"path":"/Users/anatoly.deryuzhov/git/lenta-test/lenta-test/src/components/MessageView.vue","statementMap":{"0":{"start":{"line":22,"column":0},"end":{"line":22,"column":null}},"1":{"start":{"line":24,"column":0},"end":{"line":24,"column":null}},"2":{"start":{"line":27,"column":0},"end":{"line":27,"column":null}},"3":{"start":{"line":47,"column":0},"end":{"line":47,"column":null}},"4":{"start":{"line":54,"column":0},"end":{"line":54,"column":null}},"5":{"start":{"line":32,"column":0},"end":{"line":28,"column":null}},"6":{"start":{"line":38,"column":0},"end":{"line":34,"column":null}},"7":{"start":{"line":44,"column":0},"end":{"line":40,"column":null}}},"fnMap":{"0":{"name":"(anonymous_1)","decl":{"start":{"line":46,"column":0},"end":{"line":46,"column":null}},"loc":{"start":{"line":46,"column":0},"end":{"line":51,"column":null}}},"1":{"name":"(anonymous_2)","decl":{"start":{"line":53,"column":0},"end":{"line":53,"column":null}},"loc":{"start":{"line":53,"column":0},"end":{"line":56,"column":null}}}},"branchMap":{"0":{"loc":{"start":{"line":47,"column":0},"end":{"line":47,"column":null}},"type":"cond-expr","locations":[{"start":{"line":47,"column":0},"end":{"line":47,"column":null}},{"start":{"line":47,"column":0},"end":{"line":47,"column":null}}]}},"s":{"0":1,"1":1,"2":2,"3":0,"4":0,"5":1,"6":1,"7":1},"f":{"0":0,"1":0},"b":{"0":[0,0]}}
,"/Users/anatoly.deryuzhov/git/lenta-test/lenta-test/src/types/MessageView.ts": {"path":"/Users/anatoly.deryuzhov/git/lenta-test/lenta-test/src/types/MessageView.ts","statementMap":{"0":{"start":{"line":1,"column":0},"end":{"line":1,"column":12}},"1":{"start":{"line":2,"column":2},"end":{"line":2,"column":null}},"2":{"start":{"line":3,"column":2},"end":{"line":3,"column":null}},"3":{"start":{"line":6,"column":15},"end":{"line":6,"column":null}}},"fnMap":{"0":{"name":"(anonymous_0)","decl":{"start":{"line":1,"column":0},"end":{"line":1,"column":12}},"loc":{"start":{"line":1,"column":24},"end":{"line":4,"column":null}}}},"branchMap":{"0":{"loc":{"start":{"line":1,"column":12},"end":{"line":1,"column":24}},"type":"binary-expr","locations":[{"start":{"line":1,"column":12},"end":{"line":1,"column":24}},{"start":{"line":1,"column":24},"end":{"line":1,"column":null}}]}},"s":{"0":1,"1":1,"2":1,"3":1},"f":{"0":1},"b":{"0":[1,1]}}
}
