TN:
SF:/Users/anatoly.deryuzhov/git/lenta-test/lenta-test/src/components/MessageList.vue
FN:46,(anonymous_1)
FN:47,(anonymous_2)
FN:69,(anonymous_3)
FN:74,(anonymous_4)
FN:79,(anonymous_5)
FNF:5
FNH:4
FNDA:4,(anonymous_1)
FNDA:10,(anonymous_2)
FNDA:4,(anonymous_3)
FNDA:4,(anonymous_4)
FNDA:0,(anonymous_5)
DA:22,1
DA:25,1
DA:27,1
DA:39,1
DA:44,1
DA:47,4
DA:48,10
DA:49,3
DA:52,7
DA:53,7
DA:54,5
DA:55,5
DA:60,2
DA:65,7
DA:70,4
DA:74,1
DA:75,4
DA:76,4
DA:80,0
DA:81,0
LF:20
LH:18
BRDA:48,0,0,3
BRDA:48,0,1,7
BRDA:53,1,0,5
BRDA:53,1,1,2
BRDA:61,2,0,1
BRDA:61,2,1,1
BRDA:80,3,0,0
BRDA:80,3,1,0
BRF:8
BRH:6
end_of_record
TN:
SF:/Users/anatoly.deryuzhov/git/lenta-test/lenta-test/src/components/MessageView.vue
FN:46,(anonymous_1)
FN:53,(anonymous_2)
FNF:2
FNH:0
FNDA:0,(anonymous_1)
FNDA:0,(anonymous_2)
DA:22,1
DA:24,1
DA:27,2
DA:32,1
DA:38,1
DA:44,1
DA:47,0
DA:54,0
LF:8
LH:6
BRDA:47,0,0,0
BRDA:47,0,1,0
BRF:2
BRH:0
end_of_record
TN:
SF:/Users/anatoly.deryuzhov/git/lenta-test/lenta-test/src/types/MessageView.ts
FN:1,(anonymous_0)
FNF:1
FNH:1
FNDA:1,(anonymous_0)
DA:1,1
DA:2,1
DA:3,1
DA:6,1
LF:4
LH:4
BRDA:1,0,0,1
BRDA:1,0,1,1
BRF:2
BRH:2
end_of_record
